SF:lib/core/utils/validators.dart
DA:4,2
DA:5,6
DA:10,2
DA:11,4
DA:15,1
DA:16,1
DA:17,1
DA:21,1
DA:22,1
DA:23,3
DA:27,1
DA:28,2
LF:12
LH:12
end_of_record
SF:lib/data/services/auth_service.dart
DA:14,1
DA:20,1
DA:23,3
DA:24,1
DA:25,1
DA:26,3
DA:28,1
DA:29,1
LF:8
LH:8
end_of_record
SF:lib/features/login/presenter/login_presenter.dart
DA:15,1
DA:17,1
DA:18,1
DA:21,1
DA:22,2
DA:23,1
DA:26,1
DA:27,2
DA:28,1
DA:31,1
DA:32,3
DA:33,3
DA:34,2
DA:35,2
DA:38,1
DA:39,4
DA:41,2
DA:42,2
DA:45,2
DA:46,2
DA:47,2
DA:50,1
DA:52,2
DA:54,3
DA:57,2
DA:59,2
DA:60,2
LF:27
LH:27
end_of_record
SF:lib/models/auth_result.dart
DA:8,2
DA:12,4
DA:16,0
DA:18,0
DA:21,0
DA:24,0
DA:25,0
DA:26,0
DA:27,0
DA:30,0
DA:32,0
LF:11
LH:2
end_of_record
SF:lib/models/user.dart
DA:7,2
DA:14,0
DA:15,0
DA:16,0
DA:17,0
DA:18,0
DA:19,0
DA:23,0
DA:24,0
DA:25,0
DA:26,0
DA:27,0
DA:28,0
DA:32,0
DA:34,0
DA:37,0
DA:40,0
DA:41,0
DA:42,0
DA:43,0
DA:44,0
DA:47,0
DA:49,0
LF:23
LH:1
end_of_record
SF:lib/app/app.dart
DA:9,1
DA:11,1
DA:13,1
DA:15,1
DA:18,1
DA:24,1
DA:27,1
DA:35,1
DA:40,0
DA:42,0
DA:43,0
DA:44,0
DA:52,0
DA:55,0
LF:14
LH:8
end_of_record
SF:lib/core/network/api_client.dart
DA:6,0
DA:8,0
DA:11,0
DA:18,0
DA:28,0
DA:37,0
DA:49,0
DA:58,0
DA:70,0
DA:77,0
DA:87,0
DA:96,0
LF:12
LH:0
end_of_record
SF:lib/app/routes.dart
DA:11,3
DA:12,1
DA:14,1
DA:16,1
DA:18,0
DA:20,1
DA:22,0
LF:7
LH:5
end_of_record
SF:lib/features/splash/splash_page.dart
DA:6,1
DA:8,1
DA:9,1
DA:13,1
DA:15,1
DA:17,2
DA:18,2
DA:22,1
LF:8
LH:8
end_of_record
SF:lib/features/login/view/login_page.dart
DA:11,1
DA:13,0
DA:14,0
DA:20,0
DA:22,0
DA:24,0
DA:25,0
DA:28,0
DA:30,0
DA:32,0
DA:33,0
DA:34,0
DA:36,0
DA:38,0
DA:40,0
DA:45,0
DA:46,0
DA:47,0
DA:53,0
DA:55,0
DA:56,0
DA:72,0
DA:74,0
DA:75,0
DA:81,0
DA:83,0
DA:91,0
DA:92,0
DA:126,0
DA:131,0
DA:133,0
DA:137,0
DA:138,0
DA:143,0
LF:34
LH:1
end_of_record
SF:lib/features/dashboard/view/dashboard_page.dart
DA:4,1
DA:6,0
DA:8,0
DA:9,0
DA:13,0
DA:14,0
DA:16,0
LF:7
LH:1
end_of_record
SF:lib/features/login/widgets/branded_logo.dart
DA:4,1
DA:6,0
DA:8,0
DA:9,0
DA:11,0
DA:14,0
DA:16,0
LF:7
LH:1
end_of_record
SF:lib/features/login/widgets/primary_button.dart
DA:8,0
DA:15,0
DA:17,0
DA:20,0
DA:21,0
DA:22,0
DA:25,0
DA:26,0
DA:27,0
DA:28,0
DA:31,0
DA:40,0
DA:41,0
LF:13
LH:0
end_of_record
SF:lib/features/login/widgets/text_fields.dart
DA:7,0
DA:13,0
DA:14,0
DA:20,0
DA:22,0
DA:23,0
DA:25,0
DA:26,0
DA:28,0
DA:30,0
DA:31,0
DA:33,0
DA:34,0
DA:35,0
DA:37,0
DA:38,0
DA:50,0
DA:51,0
DA:52,0
DA:53,0
DA:55,0
DA:56,0
DA:58,0
DA:59,0
DA:60,0
DA:62,0
DA:63,0
DA:70,0
DA:71,0
DA:72,0
DA:73,0
DA:75,0
DA:76,0
DA:77,0
LF:34
LH:0
end_of_record
